<?xml version="1.0" encoding="UTF-8"?>
<!-- Generated by org.testng.reporters.JUnitReportReporter -->
<testsuite skipped="5" hostname="INPC0TB3ZZ" name="gRCenforce.gRCenforceReject_Compliance_Task" tests="6" failures="0" timestamp="2019-12-16T16:07:10 IST" time="98.104" errors="1">
  <testcase name="invokeBrowesers" time="98.104" classname="gRCenforce.gRCenforceReject_Compliance_Task">
    <error type="org.openqa.selenium.NoSuchElementException" message="Cannot locate element with text: One time
For documentation on this error, please visit: https://www.seleniumhq.org/exceptions/no_such_element.html
Build info: version: &#039;3.141.59&#039;, revision: &#039;e82be7d358&#039;, time: &#039;2018-11-14T08:25:48&#039;
System info: host: &#039;INPC0TB3ZZ&#039;, ip: &#039;10.90.97.25&#039;, os.name: &#039;Windows 10&#039;, os.arch: &#039;amd64&#039;, os.version: &#039;10.0&#039;, java.version: &#039;1.8.0_231&#039;
Driver info: driver.version: unknown">
      <![CDATA[org.openqa.selenium.NoSuchElementException: Cannot locate element with text: One time
For documentation on this error, please visit: https://www.seleniumhq.org/exceptions/no_such_element.html
Build info: version: '3.141.59', revision: 'e82be7d358', time: '2018-11-14T08:25:48'
System info: host: 'INPC0TB3ZZ', ip: '10.90.97.25', os.name: 'Windows 10', os.arch: 'amd64', os.version: '10.0', java.version: '1.8.0_231'
Driver info: driver.version: unknown
at org.openqa.selenium.support.ui.Select.selectByVisibleText(Select.java:147)
at gRCenforce.gRCenforceCreate_Compliance_Admin.click_new_Compliance(gRCenforceCreate_Compliance_Admin.java:175)
at gRCenforce.gRCenforceReject_Compliance_Task.invokeBrowesers(gRCenforceReject_Compliance_Task.java:36)
at sun.reflect.NativeMethodAccessorImpl.invoke0(Native Method)
at sun.reflect.NativeMethodAccessorImpl.invoke(Unknown Source)
at sun.reflect.DelegatingMethodAccessorImpl.invoke(Unknown Source)
at java.lang.reflect.Method.invoke(Unknown Source)
at org.testng.internal.MethodInvocationHelper.invokeMethod(MethodInvocationHelper.java:133)
at org.testng.internal.MethodInvocationHelper.invokeMethodConsideringTimeout(MethodInvocationHelper.java:62)
at org.testng.internal.ConfigInvoker.invokeConfigurationMethod(ConfigInvoker.java:340)
at org.testng.internal.ConfigInvoker.invokeConfigurations(ConfigInvoker.java:294)
at org.testng.internal.TestMethodWorker.invokeBeforeClassMethods(TestMethodWorker.java:176)
at org.testng.internal.TestMethodWorker.run(TestMethodWorker.java:122)
at java.util.ArrayList.forEach(Unknown Source)
at org.testng.TestRunner.privateRun(TestRunner.java:770)
at org.testng.TestRunner.run(TestRunner.java:591)
at org.testng.SuiteRunner.runTest(SuiteRunner.java:402)
at org.testng.SuiteRunner.runSequentially(SuiteRunner.java:396)
at org.testng.SuiteRunner.privateRun(SuiteRunner.java:355)
at org.testng.SuiteRunner.run(SuiteRunner.java:304)
at org.testng.SuiteRunnerWorker.runSuite(SuiteRunnerWorker.java:53)
at org.testng.SuiteRunnerWorker.run(SuiteRunnerWorker.java:96)
at org.testng.TestNG.runSuitesSequentially(TestNG.java:1180)
at org.testng.TestNG.runSuitesLocally(TestNG.java:1102)
at org.testng.TestNG.runSuites(TestNG.java:1032)
at org.testng.TestNG.run(TestNG.java:1000)
at org.testng.remote.AbstractRemoteTestNG.run(AbstractRemoteTestNG.java:115)
at org.testng.remote.RemoteTestNG.initAndRun(RemoteTestNG.java:251)
at org.testng.remote.RemoteTestNG.main(RemoteTestNG.java:77)
]]>
    </error>
  </testcase> <!-- invokeBrowesers -->
  <testcase name="login" time="0.000" classname="gRCenforce.gRCenforceReject_Compliance_Task">
    <skipped/>
  </testcase> <!-- login -->
  <testcase name="go_to_total_Compliance_Approval" time="0.000" classname="gRCenforce.gRCenforceReject_Compliance_Task">
    <skipped/>
  </testcase> <!-- go_to_total_Compliance_Approval -->
  <testcase name="filter_compliance" time="0.000" classname="gRCenforce.gRCenforceReject_Compliance_Task">
    <skipped/>
  </testcase> <!-- filter_compliance -->
  <testcase name="select_compliance_approve" time="0.000" classname="gRCenforce.gRCenforceReject_Compliance_Task">
    <skipped/>
  </testcase> <!-- select_compliance_approve -->
  <testcase name="logout" time="0.000" classname="gRCenforce.gRCenforceReject_Compliance_Task">
    <skipped/>
  </testcase> <!-- logout -->
</testsuite> <!-- gRCenforce.gRCenforceReject_Compliance_Task -->
